# JRE version: OpenJDK Runtime Environment Zulu17.50+19-CA (17.0.11+9) (build 17.0.11+9-LTS)
# Java VM: OpenJDK 64-Bit Server VM Zulu17.50+19-CA (17.0.11+9-LTS, mixed mode, sharing, tiered, compressed oops, compressed class ptrs, g1 gc, windows-amd64)
GC Precious Log:
 CPUs: 16 total, 16 available
 Memory: 16021M
 Large Page Support: Disabled
 NUMA Support: Disabled
 Compressed Oops: Enabled (Zero based)
 Heap Region Size: 2M
 Heap Min Capacity: 8M
 Heap Initial Capacity: 252M
 Heap Max Capacity: 4G
 Pre-touch: Disabled
 Parallel Workers: 13
 Concurrent Workers: 3
 Concurrent Refinement Workers: 13
 Periodic GC: Disabled
Heap:
 garbage-first heap   total 272384K, used 205940K [0x0000000700000000, 0x0000000800000000)
  region size 2048K, 62 young (126976K), 8 survivors (16384K)
 Metaspace       used 90465K, committed 91456K, reserved 1179648K
  class space    used 12591K, committed 13056K, reserved 1048576K
GC Heap History (20 events):
Event: 4.539 GC heap before
{Heap before GC invocations=14 (full 0):
 garbage-first heap   total 104448K, used 79702K [0x0000000700000000, 0x0000000800000000)
  region size 2048K, 22 young (45056K), 3 survivors (6144K)
 Metaspace       used 58229K, committed 58752K, reserved 1114112K
  class space    used 8150K, committed 8384K, reserved 1048576K
}
Event: 4.542 GC heap after
{Heap after GC invocations=15 (full 0):
 garbage-first heap   total 221184K, used 43025K [0x0000000700000000, 0x0000000800000000)
  region size 2048K, 3 young (6144K), 3 survivors (6144K)
 Metaspace       used 58229K, committed 58752K, reserved 1114112K
  class space    used 8150K, committed 8384K, reserved 1048576K
}
Event: 4.666 GC heap before
{Heap before GC invocations=15 (full 0):
 garbage-first heap   total 221184K, used 57361K [0x0000000700000000, 0x0000000800000000)
  region size 2048K, 11 young (22528K), 3 survivors (6144K)
 Metaspace       used 59606K, committed 60160K, reserved 1114112K
  class space    used 8401K, committed 8640K, reserved 1048576K
}
Event: 4.669 GC heap after
{Heap after GC invocations=16 (full 0):
 garbage-first heap   total 221184K, used 43939K [0x0000000700000000, 0x0000000800000000)
  region size 2048K, 3 young (6144K), 3 survivors (6144K)
 Metaspace       used 59606K, committed 60160K, reserved 1114112K
  class space    used 8401K, committed 8640K, reserved 1048576K
}
Event: 5.382 GC heap before
{Heap before GC invocations=17 (full 0):
 garbage-first heap   total 172032K, used 144291K [0x0000000700000000, 0x0000000800000000)
  region size 2048K, 50 young (102400K), 3 survivors (6144K)
 Metaspace       used 62904K, committed 63616K, reserved 1114112K
  class space    used 8833K, committed 9152K, reserved 1048576K
}
Event: 5.386 GC heap after
{Heap after GC invocations=18 (full 0):
 garbage-first heap   total 172032K, used 63527K [0x0000000700000000, 0x0000000800000000)
  region size 2048K, 7 young (14336K), 7 survivors (14336K)
 Metaspace       used 62904K, committed 63616K, reserved 1114112K
  class space    used 8833K, committed 9152K, reserved 1048576K
}
Event: 5.401 GC heap before
{Heap before GC invocations=18 (full 0):
 garbage-first heap   total 172032K, used 65575K [0x0000000700000000, 0x0000000800000000)
  region size 2048K, 8 young (16384K), 7 survivors (14336K)
 Metaspace       used 63166K, committed 63936K, reserved 1114112K
  class space    used 8879K, committed 9216K, reserved 1048576K
}
Event: 5.404 GC heap after
{Heap after GC invocations=19 (full 0):
 garbage-first heap   total 172032K, used 65575K [0x0000000700000000, 0x0000000800000000)
  region size 2048K, 1 young (2048K), 1 survivors (2048K)
 Metaspace       used 63166K, committed 63936K, reserved 1114112K
  class space    used 8879K, committed 9216K, reserved 1048576K
}
Event: 5.933 GC heap before
{Heap before GC invocations=19 (full 0):
 garbage-first heap   total 172032K, used 129063K [0x0000000700000000, 0x0000000800000000)
  region size 2048K, 33 young (67584K), 1 survivors (2048K)
 Metaspace       used 70850K, committed 71552K, reserved 1114112K
  class space    used 9779K, committed 10112K, reserved 1048576K
}
Event: 5.936 GC heap after
{Heap after GC invocations=20 (full 0):
 garbage-first heap   total 172032K, used 72275K [0x0000000700000000, 0x0000000800000000)
  region size 2048K, 4 young (8192K), 4 survivors (8192K)
 Metaspace       used 70850K, committed 71552K, reserved 1114112K
  class space    used 9779K, committed 10112K, reserved 1048576K
}
Event: 6.287 GC heap before
{Heap before GC invocations=20 (full 0):
 garbage-first heap   total 172032K, used 131667K [0x0000000700000000, 0x0000000800000000)
  region size 2048K, 33 young (67584K), 4 survivors (8192K)
 Metaspace       used 75089K, committed 75776K, reserved 1114112K
  class space    used 10339K, committed 10624K, reserved 1048576K
}
Event: 6.291 GC heap after
{Heap after GC invocations=21 (full 0):
 garbage-first heap   total 172032K, used 72522K [0x0000000700000000, 0x0000000800000000)
  region size 2048K, 2 young (4096K), 2 survivors (4096K)
 Metaspace       used 75089K, committed 75776K, reserved 1114112K
  class space    used 10339K, committed 10624K, reserved 1048576K
}
Event: 6.586 GC heap before
{Heap before GC invocations=21 (full 0):
 garbage-first heap   total 172032K, used 131914K [0x0000000700000000, 0x0000000800000000)
  region size 2048K, 31 young (63488K), 2 survivors (4096K)
 Metaspace       used 77608K, committed 78400K, reserved 1179648K
  class space    used 10658K, committed 11008K, reserved 1048576K
}
Event: 6.590 GC heap after
{Heap after GC invocations=22 (full 0):
 garbage-first heap   total 172032K, used 76717K [0x0000000700000000, 0x0000000800000000)
  region size 2048K, 4 young (8192K), 4 survivors (8192K)
 Metaspace       used 77608K, committed 78400K, reserved 1179648K
  class space    used 10658K, committed 11008K, reserved 1048576K
}
Event: 6.874 GC heap before
{Heap before GC invocations=22 (full 0):
 garbage-first heap   total 172032K, used 134061K [0x0000000700000000, 0x0000000800000000)
  region size 2048K, 32 young (65536K), 4 survivors (8192K)
 Metaspace       used 79861K, committed 80640K, reserved 1179648K
  class space    used 10933K, committed 11264K, reserved 1048576K
}
Event: 6.878 GC heap after
{Heap after GC invocations=23 (full 0):
 garbage-first heap   total 172032K, used 79612K [0x0000000700000000, 0x0000000800000000)
  region size 2048K, 4 young (8192K), 4 survivors (8192K)
 Metaspace       used 79861K, committed 80640K, reserved 1179648K
  class space    used 10933K, committed 11264K, reserved 1048576K
}
Event: 7.177 GC heap before
{Heap before GC invocations=23 (full 0):
 garbage-first heap   total 172032K, used 132860K [0x0000000700000000, 0x0000000800000000)
  region size 2048K, 31 young (63488K), 4 survivors (8192K)
 Metaspace       used 83264K, committed 84032K, reserved 1179648K
  class space    used 11510K, committed 11840K, reserved 1048576K
}
Event: 7.181 GC heap after
{Heap after GC invocations=24 (full 0):
 garbage-first heap   total 272384K, used 83024K [0x0000000700000000, 0x0000000800000000)
  region size 2048K, 4 young (8192K), 4 survivors (8192K)
 Metaspace       used 83264K, committed 84032K, reserved 1179648K
  class space    used 11510K, committed 11840K, reserved 1048576K
}
Event: 8.027 GC heap before
{Heap before GC invocations=24 (full 0):
 garbage-first heap   total 272384K, used 203856K [0x0000000700000000, 0x0000000800000000)
  region size 2048K, 64 young (131072K), 4 survivors (8192K)
 Metaspace       used 88346K, committed 89216K, reserved 1179648K
  class space    used 12277K, committed 12672K, reserved 1048576K
}
Event: 8.033 GC heap after
{Heap after GC invocations=25 (full 0):
 garbage-first heap   total 272384K, used 97396K [0x0000000700000000, 0x0000000800000000)
  region size 2048K, 8 young (16384K), 8 survivors (16384K)
 Metaspace       used 88346K, committed 89216K, reserved 1179648K
  class space    used 12277K, committed 12672K, reserved 1048576K
}

